Referencing Script [gPRzbCdfq2PNUXYP/y3MQw==]
Extract [gPRzbCdfq2PNUXYP/y3MQw==] ->
gathering [a]... OK
gathering [b]... OK
untracing... OK
Extract [Q+M7QxPxcHo=] ->
gathering [a]... OK
gathering [b]... OK
untracing... OK
Command: mzXlSxz+iJKHzGXuC9AkeWW1RUEVXySC3YH4oTwSVttJCRgpSfq2wD6ONJmmJVmX
Extract [DTexHSJTU/o=] ->
gathering [a]... OK
gathering [b]... OK
untracing... OK
Command: mzXlSxz+iJKHzGXuC9AkeWW1RUEVXySCmD/7i8ps309h+sIyFfrZ9ah8N58EIcfJGKWEMpQT8m/zg3H3YD1SxM1Rdg//LcxD
Command: mzXlSxz+iJKHzGXuC9AkeWW1RUEVXySCmD/7i8ps309h+sIyFfrZ9ah8N58EIcfJNol9ZS/4wPbzg3H3YD1SxM1Rdg//LcxD
Command: mzXlSxz+iJKHzGXuC9AkeWW1RUEVXySCmD/7i8ps309h+sIyFfrZ9VTpIPPs8HRPv+o1Kcw91wkxkYFiBoXslQ==
Command: mzXlSxz+iJKHzGXuC9AkeWW1RUEVXySCmD/7i8ps309h+sIyFfrZ9VTpIPPs8HRPhLqYxJDylWkxkYFiBoXslQ==
apply with patched
Referencing Script [BOtH6tiUOmw=]
Command: mzXlSxz+iJKHzGXuC9AkeWW1RUEVXySCtTd4HRh5jrY/4zOZtAPolYzEK9PCvjRCTpq3sSKDITTQ3y5Fgh5fTxC9M13kmZOjdHpIqPLBEgGnqD48w/J3WCunLcolGlP4
banish... Command: mzXlSxz+iJKHzGXuC9AkeWW1RUEVXySCvkwaIj/VU8rCJtnvYwGnAZu/rxoO/giVEL0zXeSZk6N0ekio8sESAaeoPjzD8ndY1+pNENq/gj4=
OK
Referencing Script [9gbefReZH9k=]
Command: mzXlSxz+iJKHzGXuC9AkeWW1RUEVXySCtTd4HRh5jrY/4zOZtAPolYzEK9PCvjRCTpq3sSKDITTQ3y5Fgh5fTxC9M13kmZOjc4hSm5N3IUYEeUNvr1wD9N0Y6TJdqf5nwomEDfrXOsc=
banish... Command: mzXlSxz+iJKHzGXuC9AkeWW1RUEVXySCvkwaIj/VU8rCJtnvYwGnAZu/rxoO/giVEL0zXeSZk6NziFKbk3chRgR5Q2+vXAP0wdpLB+3vWCw=
OK
Referencing Script [vCxspi83HyE=]
Command: mzXlSxz+iJKHzGXuC9AkeWW1RUEVXySCtTd4HRh5jrY/4zOZtAPolYzEK9PCvjRCTpq3sSKDITTQ3y5Fgh5fTxC9M13kmZOjxbHq3Jx+NkanqD48w/J3WDOhWPZ6WZQuzVF2D/8tzEM=
banish... Command: mzXlSxz+iJKHzGXuC9AkeWW1RUEVXySCvkwaIj/VU8rCJtnvYwGnAZu/rxoO/giVEL0zXeSZk6PFsercnH42RqeoPjzD8ndY1+pNENq/gj4=
OK
64-bit OS detected
apply [a]... Command: mzXlSxz+iJKHzGXuC9AkeWW1RUEVXySC8tVXtp8Yd3CY8Wr8I4/QTRcVkURaw8XRIaKUjs8YOzZhR8gEUXVDo19SDfUju/uGqqTBakgGp4g8v+f0GVHw4w==
Command: mzXlSxz+iJKHzGXuC9AkeWW1RUEVXySCtTd4HRh5jrY/4zOZtAPolYzEK9PCvjRCTpq3sSKDITR0qs+3X91IzJpVxH3MP7EWEL0zXeSZk6NziFKbk3chRgR5Q2+vXAP0GlrwV0B/9Ls=
OK
Command: mzXlSxz+iJKHzGXuC9AkeWW1RUEVXySCUwaSmSfOAyS1QGqZo6widsdgpqv7tu8LUzGFj2f75fKOF7ondQCCjbPY7ZfjrhgpkhPlgA5D/uWHj04m7xsqZ7Q0V1IijhKEzyK3nPeNFbA=
apply [b]... Command: mzXlSxz+iJKHzGXuC9AkeWW1RUEVXySC8tVXtp8Yd3DyyBBFwrfWzxcVkURaw8XRIaKUjs8YOzZhR8gEUXVDow/pK2ZKcsinBHlDb69cA/TB2ksH7e9YLA==
Command: mzXlSxz+iJKHzGXuC9AkeWW1RUEVXySCtTd4HRh5jrY/4zOZtAPolYzEK9PCvjRCTpq3sSKDITRs3zSyA9r/Z5pVxH3MP7EWEL0zXeSZk6PFsercnH42RqeoPjzD8ndYzVF2D/8tzEM=
OK
Command: mzXlSxz+iJKHzGXuC9AkeWW1RUEVXySCUwaSmSfOAyS1QGqZo6widsdgpqv7tu8LtyZAJPz8rEsbvqvchCVxJ4ZgoE05sSFhNPX1zj9dsFGXzkH4P7aSngl4r9tF/o61zVF2D/8tzEM=

<maintenance>
Referencing Script [a9wXzNmjtRzB3f8Z3KssFg==]
Referencing Script [Lp+5Gakx1o3XxO2VYt3svQ==]
Referencing Script [LkItXAKbezrB3f8Z3KssFg==]
Referencing Script [793wVZdIG83XxO2VYt3svQ==]
Referencing Script [zEHDRLIvviDXxO2VYt3svQ==]
Command: mzXlSxz+iJKHzGXuC9AkeWW1RUEVXySCtTd4HRh5jrZaadAS7JVJLBlDvjClDBvJEL0zXeSZk6N0ekio8sESAaeoPjzD8ndY1+pNENq/gj4=
Command: mzXlSxz+iJKHzGXuC9AkeWW1RUEVXySCUwaSmSfOAyS1QGqZo6widsdgpqv7tu8L7ILGv+vpTPbDmPmjYXVQRDHOd88s0LDwBKKlFvh4t3iTMhhw63Lsaw==
Command: mzXlSxz+iJKHzGXuC9AkeWW1RUEVXySCtTd4HRh5jrZaadAS7JVJLBlDvjClDBvJEL0zXeSZk6NziFKbk3chRgR5Q2+vXAP0wdpLB+3vWCw=
Command: mzXlSxz+iJKHzGXuC9AkeWW1RUEVXySCUwaSmSfOAyS1QGqZo6widsdgpqv7tu8LUzGFj2f75fKOF7ondQCCjbPY7ZfjrhgpchfFahxXG7Xbb7XmofqYIA==
Command: mzXlSxz+iJKHzGXuC9AkeWW1RUEVXySCtTd4HRh5jrZaadAS7JVJLBlDvjClDBvJEL0zXeSZk6PFsercnH42RqeoPjzD8ndY1+pNENq/gj4=
Command: mzXlSxz+iJKHzGXuC9AkeWW1RUEVXySCUwaSmSfOAyS1QGqZo6widsdgpqv7tu8LtyZAJPz8rEsbvqvchCVxJzHOd88s0LDwBKKlFvh4t3iTMhhw63Lsaw==
Extract [d4fkQmInVCI=] ->
gathering [a]... OK
gathering [b]... OK
untracing... OK
Command: mzXlSxz+iJKHzGXuC9AkeWW1RUEVXySCmD/7i8ps309h+sIyFfrZ9RcVkURaw8XRhLqYxJDylWkxkYFiBoXslQ==
apply with patched
Referencing Script [BOtH6tiUOmw=]
Command: mzXlSxz+iJKHzGXuC9AkeWW1RUEVXySCtTd4HRh5jrY/4zOZtAPolYzEK9PCvjRCTpq3sSKDITTQ3y5Fgh5fTxC9M13kmZOjdHpIqPLBEgE1HLlV42MsoYDQZN8aT1i97sWESi1w4EM=
banish... Command: mzXlSxz+iJKHzGXuC9AkeWW1RUEVXySCvkwaIj/VU8rCJtnvYwGnAZu/rxoO/giVEL0zXeSZk6N0ekio8sESATUcuVXjYyyh1nSxOgmf/Es=
OK
Referencing Script [9gbefReZH9k=]
Command: mzXlSxz+iJKHzGXuC9AkeWW1RUEVXySCtTd4HRh5jrY/4zOZtAPolYzEK9PCvjRCTpq3sSKDITTQ3y5Fgh5fTxC9M13kmZOjc4hSm5N3IUb40f0ugMwwSa3REtL5KXVigk+w8icV97M=
banish... Command: mzXlSxz+iJKHzGXuC9AkeWW1RUEVXySCvkwaIj/VU8rCJtnvYwGnAZu/rxoO/giVEL0zXeSZk6NziFKbk3chRvjR/S6AzDBJNwJM6gN+HKU=
OK
Referencing Script [vCxspi83HyE=]
Command: mzXlSxz+iJKHzGXuC9AkeWW1RUEVXySCtTd4HRh5jrY/4zOZtAPolYzEK9PCvjRCTpq3sSKDITTQ3y5Fgh5fTxC9M13kmZOjxbHq3Jx+NkY1HLlV42MsoefZGO+GqkDE9yPVBc9PBCc=
banish... Command: mzXlSxz+iJKHzGXuC9AkeWW1RUEVXySCvkwaIj/VU8rCJtnvYwGnAZu/rxoO/giVEL0zXeSZk6PFsercnH42RjUcuVXjYyyh1nSxOgmf/Es=
OK
64-bit OS detected
apply [a]... Command: mzXlSxz+iJKHzGXuC9AkeWW1RUEVXySC8tVXtp8Yd3CY8Wr8I4/QTRcVkURaw8XRIaKUjs8YOzZhR8gEUXVDo19SDfUju/uGQrUYh5hwVc0jt+bfmsBajQ==
Command: mzXlSxz+iJKHzGXuC9AkeWW1RUEVXySCtTd4HRh5jrY/4zOZtAPolYzEK9PCvjRCTpq3sSKDITR0qs+3X91IzJpVxH3MP7EWEL0zXeSZk6NziFKbk3chRvjR/S6AzDBJeNPWLYygIQc=
OK
Command: mzXlSxz+iJKHzGXuC9AkeWW1RUEVXySCUwaSmSfOAyS1QGqZo6widsdgpqv7tu8LUzGFj2f75fKIiCtLqJK8xT7zomDiKJEBUmnRTpteHkNinIrtpaxG74YfAWhOHTKp/uB95H6gtgE=
apply [b]... Command: mzXlSxz+iJKHzGXuC9AkeWW1RUEVXySC8tVXtp8Yd3DyyBBFwrfWzxcVkURaw8XRIaKUjs8YOzZhR8gEUXVDow/pK2ZKcsin+NH9LoDMMEk3AkzqA34cpQ==
Command: mzXlSxz+iJKHzGXuC9AkeWW1RUEVXySCtTd4HRh5jrY/4zOZtAPolYzEK9PCvjRCTpq3sSKDITRs3zSyA9r/Z5pVxH3MP7EWEL0zXeSZk6PFsercnH42RjUcuVXjYyyh6fEaRG+78UE=
OK
Command: mzXlSxz+iJKHzGXuC9AkeWW1RUEVXySCUwaSmSfOAyS1QGqZo6widsdgpqv7tu8LtyZAJPz8rEs7m4I8ZoU6XWPWZeNkIdPk5ICHKPm40yGANFT5/nYtXO3yggkx/Shv9ceQvxxjZ6E=

<maintenance>
Referencing Script [a9wXzNmjtRzB3f8Z3KssFg==]
Referencing Script [Lp+5Gakx1o3XxO2VYt3svQ==]
Referencing Script [LkItXAKbezrB3f8Z3KssFg==]
Referencing Script [793wVZdIG83XxO2VYt3svQ==]
Referencing Script [zEHDRLIvviDXxO2VYt3svQ==]
Command: mzXlSxz+iJKHzGXuC9AkeWW1RUEVXySCtTd4HRh5jrZaadAS7JVJLBlDvjClDBvJEL0zXeSZk6N0ekio8sESATUcuVXjYyyh1nSxOgmf/Es=
Command: mzXlSxz+iJKHzGXuC9AkeWW1RUEVXySCUwaSmSfOAyS1QGqZo6widsdgpqv7tu8L7ILGv+vpTPaq6/u+D1cWp2PWZeNkIdPktE9CaJob6K/WhAOAPieahE4ow5A833TC
Command: mzXlSxz+iJKHzGXuC9AkeWW1RUEVXySCtTd4HRh5jrZaadAS7JVJLBlDvjClDBvJEL0zXeSZk6NziFKbk3chRvjR/S6AzDBJNwJM6gN+HKU=
Command: mzXlSxz+iJKHzGXuC9AkeWW1RUEVXySCUwaSmSfOAyS1QGqZo6widsdgpqv7tu8LUzGFj2f75fKIiCtLqJK8xT7zomDiKJEBXFGhCsEvog9jSRdRHzcFk9mh5NiNrpAb
Command: mzXlSxz+iJKHzGXuC9AkeWW1RUEVXySCtTd4HRh5jrZaadAS7JVJLBlDvjClDBvJEL0zXeSZk6PFsercnH42RjUcuVXjYyyh1nSxOgmf/Es=
Command: mzXlSxz+iJKHzGXuC9AkeWW1RUEVXySCUwaSmSfOAyS1QGqZo6widsdgpqv7tu8LtyZAJPz8rEs7m4I8ZoU6XWPWZeNkIdPktE9CaJob6K/WhAOAPieahE4ow5A833TC
Extract [LeEu3QU15Do=] ->
gathering [a]... OK
gathering [b]... OK
untracing... OK
apply with patched
Referencing Script [BOtH6tiUOmw=]
Command: mzXlSxz+iJKHzGXuC9AkeWW1RUEVXySCtTd4HRh5jrY/4zOZtAPolYzEK9PCvjRCTpq3sSKDITTQ3y5Fgh5fTxC9M13kmZOjdHpIqPLBEgGl/2ozdfJNOoDQZN8aT1i97sWESi1w4EM=
banish... Command: mzXlSxz+iJKHzGXuC9AkeWW1RUEVXySCvkwaIj/VU8rCJtnvYwGnAZu/rxoO/giVEL0zXeSZk6N0ekio8sESAaX/ajN18k061nSxOgmf/Es=
OK
Referencing Script [9gbefReZH9k=]
Command: mzXlSxz+iJKHzGXuC9AkeWW1RUEVXySCtTd4HRh5jrY/4zOZtAPolYzEK9PCvjRCTpq3sSKDITTQ3y5Fgh5fTxC9M13kmZOjc4hSm5N3IUahd5ipziUdCZPb/dfEpnkHgk+w8icV97M=
banish... Command: mzXlSxz+iJKHzGXuC9AkeWW1RUEVXySCvkwaIj/VU8rCJtnvYwGnAZu/rxoO/giVEL0zXeSZk6NziFKbk3chRqF3mKnOJR0Jy276HCHqx4s=
OK
Referencing Script [vCxspi83HyE=]
Command: mzXlSxz+iJKHzGXuC9AkeWW1RUEVXySCtTd4HRh5jrY/4zOZtAPolYzEK9PCvjRCTpq3sSKDITTQ3y5Fgh5fTxC9M13kmZOjxbHq3Jx+Nkal/2ozdfJNOufZGO+GqkDE9yPVBc9PBCc=
banish... Command: mzXlSxz+iJKHzGXuC9AkeWW1RUEVXySCvkwaIj/VU8rCJtnvYwGnAZu/rxoO/giVEL0zXeSZk6PFsercnH42RqX/ajN18k061nSxOgmf/Es=
OK
64-bit OS detected
apply [a]... Command: mzXlSxz+iJKHzGXuC9AkeWW1RUEVXySC8tVXtp8Yd3CY8Wr8I4/QTRcVkURaw8XRIaKUjs8YOzZhR8gEUXVDo19SDfUju/uGMy0X9dN6mIW8Uc7RZSQxbw==
Command: mzXlSxz+iJKHzGXuC9AkeWW1RUEVXySCtTd4HRh5jrY/4zOZtAPolYzEK9PCvjRCTpq3sSKDITR0qs+3X91IzJpVxH3MP7EWEL0zXeSZk6NziFKbk3chRqF3mKnOJR0JT977SYELzoY=
OK
Command: mzXlSxz+iJKHzGXuC9AkeWW1RUEVXySCUwaSmSfOAyS1QGqZo6widsdgpqv7tu8LUzGFj2f75fI+H3fpCFBq3BigmagqcD8GUmnRTpteHkNinIrtpaxG74YfAWhOHTKp/uB95H6gtgE=
apply [b]... Command: mzXlSxz+iJKHzGXuC9AkeWW1RUEVXySC8tVXtp8Yd3DyyBBFwrfWzxcVkURaw8XRIaKUjs8YOzZhR8gEUXVDow/pK2ZKcsinoXeYqc4lHQnLbvocIerHiw==
Command: mzXlSxz+iJKHzGXuC9AkeWW1RUEVXySCtTd4HRh5jrY/4zOZtAPolYzEK9PCvjRCTpq3sSKDITRs3zSyA9r/Z5pVxH3MP7EWEL0zXeSZk6PFsercnH42RqX/ajN18k066fEaRG+78UE=
OK
Command: mzXlSxz+iJKHzGXuC9AkeWW1RUEVXySCUwaSmSfOAyS1QGqZo6widsdgpqv7tu8LtyZAJPz8rEuNpxuhpShJow5CHJRP1iGT5ICHKPm40yGANFT5/nYtXO3yggkx/Shv9ceQvxxjZ6E=

<maintenance>
Referencing Script [a9wXzNmjtRzB3f8Z3KssFg==]
Referencing Script [Lp+5Gakx1o3XxO2VYt3svQ==]
Referencing Script [LkItXAKbezrB3f8Z3KssFg==]
Referencing Script [793wVZdIG83XxO2VYt3svQ==]
Referencing Script [zEHDRLIvviDXxO2VYt3svQ==]
Command: mzXlSxz+iJKHzGXuC9AkeWW1RUEVXySCtTd4HRh5jrZaadAS7JVJLBlDvjClDBvJEL0zXeSZk6N0ekio8sESAaX/ajN18k061nSxOgmf/Es=
Command: mzXlSxz+iJKHzGXuC9AkeWW1RUEVXySCUwaSmSfOAyS1QGqZo6widsdgpqv7tu8L7ILGv+vpTPZzteZiru2OHw5CHJRP1iGTtE9CaJob6K/WhAOAPieahE4ow5A833TC
Command: mzXlSxz+iJKHzGXuC9AkeWW1RUEVXySCtTd4HRh5jrZaadAS7JVJLBlDvjClDBvJEL0zXeSZk6NziFKbk3chRqF3mKnOJR0Jy276HCHqx4s=
Command: mzXlSxz+iJKHzGXuC9AkeWW1RUEVXySCUwaSmSfOAyS1QGqZo6widsdgpqv7tu8LUzGFj2f75fI+H3fpCFBq3BigmagqcD8GXFGhCsEvog9jSRdRHzcFk9mh5NiNrpAb
Command: mzXlSxz+iJKHzGXuC9AkeWW1RUEVXySCtTd4HRh5jrZaadAS7JVJLBlDvjClDBvJEL0zXeSZk6PFsercnH42RqX/ajN18k061nSxOgmf/Es=
Command: mzXlSxz+iJKHzGXuC9AkeWW1RUEVXySCUwaSmSfOAyS1QGqZo6widsdgpqv7tu8LtyZAJPz8rEuNpxuhpShJow5CHJRP1iGTtE9CaJob6K/WhAOAPieahE4ow5A833TC
Extract [ON7ZY2hUzA0=] ->
gathering [a]... OK
gathering [b]... OK
untracing... OK
apply with patched
Referencing Script [BOtH6tiUOmw=]
Command: mzXlSxz+iJKHzGXuC9AkeWW1RUEVXySCtTd4HRh5jrY/4zOZtAPolYzEK9PCvjRCTpq3sSKDITTQ3y5Fgh5fTxC9M13kmZOjT90oNSWFPrTVzmfLkxADFr196fbL7SAjzVF2D/8tzEM=
banish... Command: mzXlSxz+iJKHzGXuC9AkeWW1RUEVXySCvkwaIj/VU8rCJtnvYwGnAZu/rxoO/giVEL0zXeSZk6NP3Sg1JYU+tNXOZ8uTEAMWGiZFBEiOdYc=
OK
Referencing Script [9gbefReZH9k=]
Command: mzXlSxz+iJKHzGXuC9AkeWW1RUEVXySCtTd4HRh5jrY/4zOZtAPolYzEK9PCvjRCTpq3sSKDITTQ3y5Fgh5fTxC9M13kmZOjc4hSm5N3IUa4Yd56zO+q1VI5q4jMQaPPK+QB1OmcQCU=
banish... Command: mzXlSxz+iJKHzGXuC9AkeWW1RUEVXySCvkwaIj/VU8rCJtnvYwGnAZu/rxoO/giVEL0zXeSZk6NziFKbk3chRrhh3nrM76rVD5FqAxU66xg=
OK
Referencing Script [vCxspi83HyE=]
Command: mzXlSxz+iJKHzGXuC9AkeWW1RUEVXySCtTd4HRh5jrY/4zOZtAPolYzEK9PCvjRCTpq3sSKDITTQ3y5Fgh5fTxC9M13kmZOjoyzxfJKVo27VzmfLkxADFpnfZSOge48JwomEDfrXOsc=
banish... Command: mzXlSxz+iJKHzGXuC9AkeWW1RUEVXySCvkwaIj/VU8rCJtnvYwGnAZu/rxoO/giVEL0zXeSZk6OjLPF8kpWjbtXOZ8uTEAMWGiZFBEiOdYc=
OK
64-bit OS detected
apply [a]... Command: mzXlSxz+iJKHzGXuC9AkeWW1RUEVXySC8tVXtp8Yd3CY8Wr8I4/QTRcVkURaw8XRIaKUjs8YOzZhR8gEUXVDo19SDfUju/uGE43Vaq6EwcdJJ7i4LAe0YA==
Command: mzXlSxz+iJKHzGXuC9AkeWW1RUEVXySCtTd4HRh5jrY/4zOZtAPolYzEK9PCvjRCTpq3sSKDITR0qs+3X91IzJpVxH3MP7EWEL0zXeSZk6NziFKbk3chRrhh3nrM76rVK+lpfDoaulg=
OK
Command: mzXlSxz+iJKHzGXuC9AkeWW1RUEVXySCUwaSmSfOAyS1QGqZo6widsdgpqv7tu8LUzGFj2f75fJbHrgHwyOyM0LNYjwKmly3IpphVoqAeBe3cGhF5gCBb+2DwLyJeGTbjuSEmETjYjU=
apply [b]... Command: mzXlSxz+iJKHzGXuC9AkeWW1RUEVXySC8tVXtp8Yd3DyyBBFwrfWzxcVkURaw8XRIaKUjs8YOzZhR8gEUXVDow/pK2ZKcsinuGHeeszvqtUPkWoDFTrrGA==
Command: mzXlSxz+iJKHzGXuC9AkeWW1RUEVXySCtTd4HRh5jrY/4zOZtAPolYzEK9PCvjRCTpq3sSKDITRs3zSyA9r/Z5pVxH3MP7EWEL0zXeSZk6OjLPF8kpWjbtXOZ8uTEAMWL2yXrE75BQ8=
OK
Command: mzXlSxz+iJKHzGXuC9AkeWW1RUEVXySCUwaSmSfOAyS1QGqZo6widsdgpqv7tu8LtyZAJPz8rEvd1b2XCDZKKcmFJWmLhoDokhPlgA5D/uWHj04m7xsqZ7Q0V1IijhKEzyK3nPeNFbA=

<maintenance>
Referencing Script [a9wXzNmjtRzB3f8Z3KssFg==]
Referencing Script [Lp+5Gakx1o3XxO2VYt3svQ==]
Referencing Script [LkItXAKbezrB3f8Z3KssFg==]
Referencing Script [793wVZdIG83XxO2VYt3svQ==]
Referencing Script [zEHDRLIvviDXxO2VYt3svQ==]
Extract [me5rz4HyUsc=] ->
gathering [a]... OK
gathering [b]... OK
untracing... OK
Command: mzXlSxz+iJKHzGXuC9AkeWW1RUEVXySCmD/7i8ps309h+sIyFfrZ9RcVkURaw8XRhLqYxJDylWkxkYFiBoXslQ==
apply with patched
Referencing Script [BOtH6tiUOmw=]
Command: mzXlSxz+iJKHzGXuC9AkeWW1RUEVXySCtTd4HRh5jrY/4zOZtAPolYzEK9PCvjRCTpq3sSKDITTQ3y5Fgh5fTxC9M13kmZOjMUVIkSDhA4fjEir3+goJPTv56JRRPpU4zVF2D/8tzEM=
banish... Command: mzXlSxz+iJKHzGXuC9AkeWW1RUEVXySCvkwaIj/VU8rCJtnvYwGnAZu/rxoO/giVEL0zXeSZk6MxRUiRIOEDh+MSKvf6Cgk9f0L1vQ0wFJY=
OK
Referencing Script [9gbefReZH9k=]
Command: mzXlSxz+iJKHzGXuC9AkeWW1RUEVXySCtTd4HRh5jrY/4zOZtAPolYzEK9PCvjRCTpq3sSKDITTQ3y5Fgh5fTxC9M13kmZOjc4hSm5N3IUahGI7Kx/u7b7/p9ZRNauCKK+QB1OmcQCU=
banish... Command: mzXlSxz+iJKHzGXuC9AkeWW1RUEVXySCvkwaIj/VU8rCJtnvYwGnAZu/rxoO/giVEL0zXeSZk6NziFKbk3chRqEYjsrH+7tvV9otQL/u9FA=
OK
Referencing Script [vCxspi83HyE=]
Command: mzXlSxz+iJKHzGXuC9AkeWW1RUEVXySCtTd4HRh5jrY/4zOZtAPolYzEK9PCvjRCTpq3sSKDITTQ3y5Fgh5fTxC9M13kmZOjlObfb18rq5PjEir3+goJPY1/hONDu28BwomEDfrXOsc=
banish... Command: mzXlSxz+iJKHzGXuC9AkeWW1RUEVXySCvkwaIj/VU8rCJtnvYwGnAZu/rxoO/giVEL0zXeSZk6OU5t9vXyurk+MSKvf6Cgk9f0L1vQ0wFJY=
OK
64-bit OS detected
apply [a]... Command: mzXlSxz+iJKHzGXuC9AkeWW1RUEVXySC8tVXtp8Yd3CY8Wr8I4/QTRcVkURaw8XRIaKUjs8YOzZhR8gEUXVDo19SDfUju/uGmRpfNvcnLR4H+N7UJu7JzA==
Command: mzXlSxz+iJKHzGXuC9AkeWW1RUEVXySCtTd4HRh5jrY/4zOZtAPolYzEK9PCvjRCTpq3sSKDITR0qs+3X91IzJpVxH3MP7EWEL0zXeSZk6NziFKbk3chRqEYjsrH+7tvZK0jnjikm+c=
OK
Command: mzXlSxz+iJKHzGXuC9AkeWW1RUEVXySCUwaSmSfOAyS1QGqZo6widsdgpqv7tu8LUzGFj2f75fKJO6Ai3Yn35has5od+3LeTIpphVoqAeBe3cGhF5gCBb+2DwLyJeGTbjuSEmETjYjU=
apply [b]... Command: mzXlSxz+iJKHzGXuC9AkeWW1RUEVXySC8tVXtp8Yd3DyyBBFwrfWzxcVkURaw8XRIaKUjs8YOzZhR8gEUXVDow/pK2ZKcsinoRiOysf7u29X2i1Av+70UA==
Command: mzXlSxz+iJKHzGXuC9AkeWW1RUEVXySCtTd4HRh5jrY/4zOZtAPolYzEK9PCvjRCTpq3sSKDITRs3zSyA9r/Z5pVxH3MP7EWEL0zXeSZk6OU5t9vXyurk+MSKvf6Cgk9fg59EqJWbZg=
OK
Command: mzXlSxz+iJKHzGXuC9AkeWW1RUEVXySCUwaSmSfOAyS1QGqZo6widsdgpqv7tu8LtyZAJPz8rEsbkklA66WjU24KeWZ7DmCLkhPlgA5D/uWHj04m7xsqZ7Q0V1IijhKEzyK3nPeNFbA=

<maintenance>
Referencing Script [a9wXzNmjtRzB3f8Z3KssFg==]
Referencing Script [Lp+5Gakx1o3XxO2VYt3svQ==]
Referencing Script [LkItXAKbezrB3f8Z3KssFg==]
Referencing Script [793wVZdIG83XxO2VYt3svQ==]
Referencing Script [zEHDRLIvviDXxO2VYt3svQ==]
Command: mzXlSxz+iJKHzGXuC9AkeWW1RUEVXySCtTd4HRh5jrZaadAS7JVJLBlDvjClDBvJEL0zXeSZk6MxRUiRIOEDh+MSKvf6Cgk9f0L1vQ0wFJY=
Command: mzXlSxz+iJKHzGXuC9AkeWW1RUEVXySCUwaSmSfOAyS1QGqZo6widsdgpqv7tu8L7ILGv+vpTPZs3ku8fp+Dom4KeWZ7DmCLchfFahxXG7Xbb7XmofqYIA==
Command: mzXlSxz+iJKHzGXuC9AkeWW1RUEVXySCtTd4HRh5jrZaadAS7JVJLBlDvjClDBvJEL0zXeSZk6NziFKbk3chRqEYjsrH+7tvV9otQL/u9FA=
Command: mzXlSxz+iJKHzGXuC9AkeWW1RUEVXySCUwaSmSfOAyS1QGqZo6widsdgpqv7tu8LUzGFj2f75fKJO6Ai3Yn35has5od+3LeTxcH9nw7NnY6mgHD59zxl4M1Rdg//LcxD
Command: mzXlSxz+iJKHzGXuC9AkeWW1RUEVXySCtTd4HRh5jrZaadAS7JVJLBlDvjClDBvJEL0zXeSZk6OU5t9vXyurk+MSKvf6Cgk9f0L1vQ0wFJY=
Command: mzXlSxz+iJKHzGXuC9AkeWW1RUEVXySCUwaSmSfOAyS1QGqZo6widsdgpqv7tu8LtyZAJPz8rEsbkklA66WjU24KeWZ7DmCLchfFahxXG7Xbb7XmofqYIA==
Command: mzXlSxz+iJKHzGXuC9AkeWW1RUEVXySCtTd4HRh5jrZaadAS7JVJLBlDvjClDBvJEL0zXeSZk6N0ekio8sESAYNdxTzFzOCM
Command: mzXlSxz+iJKHzGXuC9AkeWW1RUEVXySCUwaSmSfOAyS1QGqZo6widsdgpqv7tu8L7ILGv+vpTPZVWQmHJAj1qQSorFtPDqexyCmQWnc/eqBL+DWY3k5Bdg==
Command: mzXlSxz+iJKHzGXuC9AkeWW1RUEVXySCtTd4HRh5jrZaadAS7JVJLBlDvjClDBvJEL0zXeSZk6NziFKbk3chRlaixKBEep62zVF2D/8tzEM=
Command: mzXlSxz+iJKHzGXuC9AkeWW1RUEVXySCUwaSmSfOAyS1QGqZo6widsdgpqv7tu8LUzGFj2f75fL41HRwZ3Ia+49msHHk+OxTg+HnVgqZPmM4+rIUUpmygg==
Command: mzXlSxz+iJKHzGXuC9AkeWW1RUEVXySCtTd4HRh5jrZaadAS7JVJLBlDvjClDBvJEL0zXeSZk6PFsercnH42RoNdxTzFzOCM
Command: mzXlSxz+iJKHzGXuC9AkeWW1RUEVXySCUwaSmSfOAyS1QGqZo6widsdgpqv7tu8LtyZAJPz8rEuloNg7nA8r3wSorFtPDqexyCmQWnc/eqBL+DWY3k5Bdg==

=================
== Debug Notes ==
=================
MD5 Digests{
  component-1 MD5 mismatch, [38482a5013d8ab40df0fb15eae022c57]
  component-2 MD5 mismatch, [067fa52bfb59a56110a12312ef9af243]
  component-3 MD5 mismatch, [bb074f35b49eb2ea416962b596281e1e]
  component-4 MD5 mismatch, [a6505b03a525f0bd9739888c16fa0cd1]
  component-5 MD5 mismatch, [4420488d25a5947c8791df10c204fa81]
  MD5 digest issues detected: 5
}